app/mapping.txt
# compiler: R8
# compiler_version: 8.2.33
# min_api: 21
# common_typos_disable
# {"id":"com.android.tools.r8.mapping","version":"2.2"}
# pg_map_id: 51bd9d6
# pg_map_hash: SHA-256 51bd9d66f396732afc8ebd6a781d56af80d72341e86e4801f1b7de16e06e62d5
com.gt.demo.ConfigFragment -> com.gt.demo.ConfigFragment:
# {"id":"sourceFile","fileName":"ConfigFragment.java"}
    android.widget.TextView textNoView -> a
    android.widget.TextView userIdView -> b
    android.widget.TextView appIdView -> c
    android.widget.LinearLayout splashLayout -> d
    android.widget.LinearLayout rewardLayout -> e
    android.widget.LinearLayout interstitialLayout -> f
    android.widget.LinearLayout unifiedNativeLayout -> g
    android.widget.LinearLayout bannerLayout -> h
    android.widget.CheckBox sdkRelease -> i
    android.widget.CheckBox playingLoad -> j
    android.widget.CheckBox newInstance -> k
    android.widget.CheckBox personOn -> l
    android.widget.CheckBox sdkLog -> m
    android.widget.CheckBox location -> n
    android.widget.CheckBox phoneState -> o
    android.widget.CheckBox androidId -> p
    android.widget.CheckBox wifiState -> q
    android.widget.CheckBox writeExternal -> r
    android.widget.CheckBox appList -> s
    android.widget.TextView locationView -> t
    android.widget.TextView phoneStateView -> u
    android.widget.TextView macAddressView -> v
    android.widget.TextView androidIdView -> w
    android.widget.TextView oaidView -> x
    org.json.JSONObject deviceInfo -> y
    1:1:android.widget.TextView access$000(com.gt.demo.ConfigFragment):0:0 -> a
    1:1:void access$100(com.gt.demo.ConfigFragment,java.lang.String):0:0 -> b
    1:1:org.json.JSONObject access$200(com.gt.demo.ConfigFragment):0:0 -> c
com.gt.demo.ConfigFragment$$ExternalSyntheticApiModelOutline0 -> com.gt.demo.a:
# {"id":"sourceFile","fileName":"R8$$SyntheticClass"}
# {"id":"com.android.tools.r8.synthesized"}
    1:1:void com.gt.demo.ConfigFragment$$InternalSyntheticApiModelOutline$1$50072c6dc3995ef8eed953aedfe2caa67bf8fbc7f9df7b09c713b609c05d726c$0.m(android.app.Activity):0:0 -> a
      # {"id":"com.android.tools.r8.synthesized"}
com.gt.demo.ConfigFragment$1 -> com.gt.demo.ConfigFragment$a:
# {"id":"sourceFile","fileName":"ConfigFragment.java"}
    com.gt.demo.ConfigFragment this$0 -> a
com.gt.demo.ConfigFragment$2 -> com.gt.demo.ConfigFragment$b:
# {"id":"sourceFile","fileName":"ConfigFragment.java"}
    com.gt.demo.ConfigFragment this$0 -> a
com.gt.demo.ConfigFragment$3 -> com.gt.demo.ConfigFragment$c:
# {"id":"sourceFile","fileName":"ConfigFragment.java"}
    com.gt.demo.ConfigFragment this$0 -> a
com.gt.demo.ConfigFragment$4 -> com.gt.demo.ConfigFragment$d:
# {"id":"sourceFile","fileName":"ConfigFragment.java"}
    com.gt.demo.ConfigFragment this$0 -> a
com.gt.demo.ConfigFragment$5 -> com.gt.demo.ConfigFragment$e:
# {"id":"sourceFile","fileName":"ConfigFragment.java"}
    com.gt.demo.ConfigFragment this$0 -> a
com.gt.demo.ConfigFragment$6 -> com.gt.demo.ConfigFragment$f:
# {"id":"sourceFile","fileName":"ConfigFragment.java"}
    com.gt.demo.ConfigFragment this$0 -> a
com.gt.demo.ConfigFragment$7 -> com.gt.demo.ConfigFragment$g:
# {"id":"sourceFile","fileName":"ConfigFragment.java"}
    com.gt.demo.ConfigFragment this$0 -> a
com.gt.demo.ConfigFragment$8 -> com.gt.demo.ConfigFragment$h:
# {"id":"sourceFile","fileName":"ConfigFragment.java"}
    com.gt.demo.ConfigFragment this$0 -> a
com.gt.demo.ConfigFragment$9 -> com.gt.demo.ConfigFragment$i:
# {"id":"sourceFile","fileName":"ConfigFragment.java"}
    com.gt.demo.ConfigFragment this$0 -> a
com.gt.demo.ConfigFragment$UpdateConfigurationTask -> com.gt.demo.ConfigFragment$j:
# {"id":"sourceFile","fileName":"ConfigFragment.java"}
    java.lang.Integer testNo -> a
    com.gt.demo.ConfigFragment this$0 -> b
    1:1:org.json.JSONObject doInBackground(java.lang.Void[]):0:0 -> a
    1:1:void onPostExecute(org.json.JSONObject):0:0 -> b
com.gt.demo.DeviceInfoDemoActivity -> com.gt.demo.DeviceInfoDemoActivity:
# {"id":"sourceFile","fileName":"DeviceInfoDemoActivity.java"}
...
com.google.android.material.badge.ExperimentalBadgeUtils -> com.google.android.material.badge.ExperimentalBadgeUtils:
# {"id":"sourceFile","fileName":"ExperimentalBadgeUtils.java"}
com.google.android.material.behavior.HideBottomViewOnScrollBehavior -> com.google.android.material.behavior.HideBottomViewOnScrollBehavior:
# {"id":"sourceFile","fileName":"HideBottomViewOnScrollBehavior.java"}
    1:1:void <init>():0:0 -> <init>
    2:2:void <init>(android.content.Context,android.util.AttributeSet):0:0 -> <init>
    1:1:void slideDown(android.view.View):0:0 -> slideDown
    2:2:void slideDown(android.view.View,boolean):0:0 -> slideDown
    1:1:void slideUp(android.view.View):0:0 -> slideUp
    2:2:void slideUp(android.view.View,boolean):0:0 -> slideUp
com.google.android.material.behavior.HideBottomViewOnScrollBehavior$1 -> com.google.android.material.behavior.HideBottomViewOnScrollBehavior$1:
# {"id":"sourceFile","fileName":"HideBottomViewOnScrollBehavior.java"}
com.google.android.material.behavior.SwipeDismissBehavior -> com.google.android.material.behavior.SwipeDismissBehavior:
# {"id":"sourceFile","fileName":"SwipeDismissBehavior.java"}
    1:1:float clamp(float,float,float):0:0 -> clamp
    2:2:int clamp(int,int,int):0:0 -> clamp
com.google.android.material.behavior.SwipeDismissBehavior$1 -> com.google.android.material.behavior.SwipeDismissBehavior$1:
# {"id":"sourceFile","fileName":"SwipeDismissBehavior.java"}
com.google.android.material.behavior.SwipeDismissBehavior$2 -> com.google.android.material.behavior.SwipeDismissBehavior$2:
# {"id":"sourceFile","fileName":"SwipeDismissBehavior.java"}
com.google.android.material.behavior.SwipeDismissBehavior$OnDismissListener -> com.google.android.material.behavior.SwipeDismissBehavior$OnDismissListener:
# {"id":"sourceFile","fileName":"SwipeDismissBehavior.java"}
com.google.android.material.behavior.SwipeDismissBehavior$SettleRunnable -> com.google.android.material.behavior.SwipeDismissBehavior$SettleRunnable:
# {"id":"sourceFile","fileName":"SwipeDismissBehavior.java"}
com.google.android.material.bottomappbar.BottomAppBar -> com.google.android.material.bottomappbar.BottomAppBar:
# {"id":"sourceFile","fileName":"BottomAppBar.java"}
    1:1:void <init>(android.content.Context):0:0 -> <init>
    2:2:void <init>(android.content.Context,android.util.AttributeSet):0:0 -> <init>
    3:3:void <init>(android.content.Context,android.util.AttributeSet,int):0:0 -> <init>
    1:1:androidx.coordinatorlayout.widget.CoordinatorLayout$Behavior getBehavior():0:0 -> getBehavior
    2:2:com.google.android.material.bottomappbar.BottomAppBar$Behavior getBehavior():0:0 -> getBehavior
    1:1:float getFabTranslationX():0:0 -> getFabTranslationX
    2:2:float getFabTranslationX(int):0:0 -> getFabTranslationX
    1:1:void performHide():0:0 -> performHide
    2:2:void performHide(boolean):0:0 -> performHide
    1:1:void performShow():0:0 -> performShow
    2:2:void performShow(boolean):0:0 -> performShow
    1:1:void translateActionMenuView(androidx.appcompat.widget.ActionMenuView,int,boolean):0:0 -> translateActionMenuView
    2:2:void translateActionMenuView(androidx.appcompat.widget.ActionMenuView,int,boolean,boolean):0:0 -> translateActionMenuView
com.google.android.material.bottomappbar.BottomAppBar$1 -> com.google.android.material.bottomappbar.BottomAppBar$1:
# {"id":"sourceFile","fileName":"BottomAppBar.java"}
com.google.android.material.bottomappbar.BottomAppBar$2 -> com.google.android.material.bottomappbar.BottomAppBar$2:
# {"id":"sourceFile","fileName":"BottomAppBar.java"}
    1:1:void onScaleChanged(android.view.View):0:0 -> onScaleChanged
    2:2:void onScaleChanged(com.google.android.material.floatingactionbutton.FloatingActionButton):0:0 -> onScaleChanged
    1:1:void onTranslationChanged(android.view.View):0:0 -> onTranslationChanged
    2:2:void onTranslationChanged(com.google.android.material.floatingactionbutton.FloatingActionButton):0:0 -> onTranslationChanged